bin\CGFexample.ilk
bin\CGFexample.pdb
C:\USERS\RAFAEL\DOCUMENTS\GITHUB\LAIG\BUILDTEMP\CGFEXAMPLE\CGFEXAMPLE.EXE.INTERMEDIATE.MANIFEST
C:\Users\Rafael\Documents\GitHub\laig\buildtemp\CGFexample\CGFexample.vcxprojResolveAssemblyReference.cache
C:\Users\Rafael\Documents\GitHub\laig\buildtemp\CGFexample\CGFexample.write.1.tlog
C:\Users\Rafael\Documents\GitHub\laig\buildtemp\CGFexample\cl.command.1.tlog
C:\Users\Rafael\Documents\GitHub\laig\buildtemp\CGFexample\CL.read.1.tlog
C:\Users\Rafael\Documents\GitHub\laig\buildtemp\CGFexample\CL.write.1.tlog
C:\Users\Rafael\Documents\GitHub\laig\buildtemp\CGFexample\link.command.1.tlog
C:\Users\Rafael\Documents\GitHub\laig\buildtemp\CGFexample\link.read.1.tlog
C:\Users\Rafael\Documents\GitHub\laig\buildtemp\CGFexample\link.write.1.tlog
C:\USERS\RAFAEL\DOCUMENTS\GITHUB\LAIG\BUILDTEMP\CGFEXAMPLE\MAIN.OBJ
C:\Users\Rafael\Documents\GitHub\laig\buildtemp\CGFexample\mt.command.1.tlog
C:\Users\Rafael\Documents\GitHub\laig\buildtemp\CGFexample\mt.read.1.tlog
C:\Users\Rafael\Documents\GitHub\laig\buildtemp\CGFexample\mt.write.1.tlog
C:\USERS\RAFAEL\DOCUMENTS\GITHUB\LAIG\BUILDTEMP\CGFEXAMPLE\MYCYLINDER.OBJ
C:\USERS\RAFAEL\DOCUMENTS\GITHUB\LAIG\BUILDTEMP\CGFEXAMPLE\MYRECTANGLE.OBJ
C:\USERS\RAFAEL\DOCUMENTS\GITHUB\LAIG\BUILDTEMP\CGFEXAMPLE\MYSPHERE.OBJ
C:\USERS\RAFAEL\DOCUMENTS\GITHUB\LAIG\BUILDTEMP\CGFEXAMPLE\MYTRIANGLE.OBJ
C:\USERS\RAFAEL\DOCUMENTS\GITHUB\LAIG\BUILDTEMP\CGFEXAMPLE\MYUNITCUBE.OBJ
C:\USERS\RAFAEL\DOCUMENTS\GITHUB\LAIG\BUILDTEMP\CGFEXAMPLE\SCENE.OBJ
C:\Users\Rafael\Documents\GitHub\laig\buildtemp\CGFexample\vc100.idb
C:\USERS\RAFAEL\DOCUMENTS\GITHUB\LAIG\BUILDTEMP\CGFEXAMPLE\VC100.PDB
C:\USERS\RAFAEL\DOCUMENTS\GITHUB\LAIG\BUILDTEMP\CGFEXAMPLE\XMLSCENE.OBJ
C:\USERS\RAFAEL\DOCUMENTS\GITHUB\LAIG\CGFEXAMPLE\BIN\CGFEXAMPLE.EXE
C:\USERS\RAFAEL\DOCUMENTS\GITHUB\LAIG\CGFEXAMPLE\BIN\CGFEXAMPLE.ILK
C:\USERS\RAFAEL\DOCUMENTS\GITHUB\LAIG\CGFEXAMPLE\BIN\CGFEXAMPLE.PDB
